<?xml version="1.0" encoding="UTF-8"?>
<!-- Generated by org.testng.reporters.JUnitXMLReporter -->
<testsuite hostname="GUPTASU01" ignored="0" name="BankingApp Test(failed)" tests="1" failures="1" timestamp="12 Dec 2019 10:35:27 GMT" time="24.75" errors="0">
  <testcase name="AddNewCustomer" time="15.506" classname="com.inetbanking.testCases.TC_AddNewCustomer_003">
    <failure type="java.lang.AssertionError" message="expected [true] but found [false]">
      <![CDATA[java.lang.AssertionError: expected [true] but found [false]
at com.inetbanking.testCases.TC_AddNewCustomer_003.AddNewCustomer(TC_AddNewCustomer_003.java:62)
... Removed 29 stack frames]]>
    </failure>
  </testcase> <!-- AddNewCustomer -->
</testsuite> <!-- BankingApp Test(failed) -->
